Build started 11/25/2014 1:51:18 AM.
     1>Project "C:\Users\Brandon\Documents\Visual Studio 2013\Projects\CS451PA6_Repo\cs451-PA6\vcfiles\raytracing.vcxproj" on node 2 (Build target(s)).
     1>ClCompile:
         C:\Program Files (x86)\Microsoft Visual Studio 12.0\VC\bin\CL.exe /c /I.. /I../mathtool /I../modelgraph /Zi /nologo /W3 /WX- /sdl /O2 /Oi /Oy- /GL /D GLEW_STATIC /D FREEGLUT_STATIC /D _CRT_SECURE_NO_WARNINGS /D _MBCS /D WIN32 /D _MBCS /Gm- /EHsc /MD /GS /Gy /fp:precise /Zc:wchar_t /Zc:forScope /Fo"Release\\" /Fd"Release\vc120.pdb" /Gd /TP /analyze- /errorReport:prompt ..\main.cpp
         main.cpp
     1>C:\Users\Brandon\Documents\Visual Studio 2013\Projects\CS451PA6_Repo\cs451-PA6\draw.h(195): warning C4244: '=' : conversion from 'double' to 'GLfloat', possible loss of data
     1>C:\Users\Brandon\Documents\Visual Studio 2013\Projects\CS451PA6_Repo\cs451-PA6\draw.h(196): warning C4244: '=' : conversion from 'double' to 'GLfloat', possible loss of data
     1>C:\Users\Brandon\Documents\Visual Studio 2013\Projects\CS451PA6_Repo\cs451-PA6\draw.h(197): warning C4244: '=' : conversion from 'double' to 'GLfloat', possible loss of data
     1>..\main.cpp(54): warning C4244: 'argument' : conversion from 'double' to 'float', possible loss of data
     1>..\main.cpp(55): warning C4244: 'argument' : conversion from 'double' to 'float', possible loss of data
     1>..\main.cpp(80): warning C4244: 'argument' : conversion from 'double' to 'float', possible loss of data
     1>..\main.cpp(81): warning C4244: 'argument' : conversion from 'double' to 'float', possible loss of data
       Link:
         C:\Program Files (x86)\Microsoft Visual Studio 12.0\VC\bin\link.exe /ERRORREPORT:PROMPT /OUT:"C:\Users\Brandon\Documents\Visual Studio 2013\Projects\CS451PA6_Repo\cs451-PA6\vcfiles\Release\raytracing.exe" /NOLOGO /LIBPATH:../GL glew32s.lib kernel32.lib user32.lib gdi32.lib winspool.lib comdlg32.lib advapi32.lib shell32.lib ole32.lib oleaut32.lib uuid.lib odbc32.lib odbccp32.lib kernel32.lib user32.lib gdi32.lib winspool.lib comdlg32.lib advapi32.lib shell32.lib ole32.lib oleaut32.lib uuid.lib odbc32.lib odbccp32.lib /MANIFEST /MANIFESTUAC:"level='asInvoker' uiAccess='false'" /manifest:embed /DEBUG /PDB:"C:\Users\Brandon\Documents\Visual Studio 2013\Projects\CS451PA6_Repo\cs451-PA6\vcfiles\Release\raytracing.pdb" /OPT:REF /OPT:ICF /LTCG /TLBID:1 /DYNAMICBASE /NXCOMPAT /IMPLIB:"C:\Users\Brandon\Documents\Visual Studio 2013\Projects\CS451PA6_Repo\cs451-PA6\vcfiles\Release\raytracing.lib" /MACHINE:X86 /SAFESEH Release\gli.obj
         Release\main.obj
         Release\Basic.obj
         Release\Quaternion.obj
         Release\model.obj
         Release\ModelEdge.obj
         Release\ModelGraph.obj
         Release\ModelNode.obj
         Release\raytracer.obj
     1>freeglut_static.lib(freeglut_callbacks.obj) : warning LNK4075: ignoring '/EDITANDCONTINUE' due to '/OPT:ICF' specification
     1>LINK : warning LNK4098: defaultlib 'LIBCMTD' conflicts with use of other libs; use /NODEFAULTLIB:library
         Generating code
     1>c:\users\brandon\documents\visual studio 2013\projects\cs451pa6_repo\cs451-pa6\raytracer.cpp(396): warning C4715: 'RayTracer::save2file' : not all control paths return a value
         Finished generating code
     1>freeglut_static.lib(freeglut_callbacks.obj) : warning LNK4099: PDB 'vc90.pdb' was not found with 'freeglut_static.lib(freeglut_callbacks.obj)' or at 'C:\Users\Brandon\Documents\Visual Studio 2013\Projects\CS451PA6_Repo\cs451-PA6\vcfiles\Release\vc90.pdb'; linking object as if no debug info
     1>freeglut_static.lib(freeglut_cursor.obj) : warning LNK4099: PDB 'vc90.pdb' was not found with 'freeglut_static.lib(freeglut_cursor.obj)' or at 'C:\Users\Brandon\Documents\Visual Studio 2013\Projects\CS451PA6_Repo\cs451-PA6\vcfiles\Release\vc90.pdb'; linking object as if no debug info
     1>freeglut_static.lib(freeglut_display.obj) : warning LNK4099: PDB 'vc90.pdb' was not found with 'freeglut_static.lib(freeglut_display.obj)' or at 'C:\Users\Brandon\Documents\Visual Studio 2013\Projects\CS451PA6_Repo\cs451-PA6\vcfiles\Release\vc90.pdb'; linking object as if no debug info
     1>freeglut_static.lib(freeglut_font.obj) : warning LNK4099: PDB 'vc90.pdb' was not found with 'freeglut_static.lib(freeglut_font.obj)' or at 'C:\Users\Brandon\Documents\Visual Studio 2013\Projects\CS451PA6_Repo\cs451-PA6\vcfiles\Release\vc90.pdb'; linking object as if no debug info
     1>freeglut_static.lib(freeglut_font_data.obj) : warning LNK4099: PDB 'vc90.pdb' was not found with 'freeglut_static.lib(freeglut_font_data.obj)' or at 'C:\Users\Brandon\Documents\Visual Studio 2013\Projects\CS451PA6_Repo\cs451-PA6\vcfiles\Release\vc90.pdb'; linking object as if no debug info
     1>freeglut_static.lib(freeglut_init.obj) : warning LNK4099: PDB 'vc90.pdb' was not found with 'freeglut_static.lib(freeglut_init.obj)' or at 'C:\Users\Brandon\Documents\Visual Studio 2013\Projects\CS451PA6_Repo\cs451-PA6\vcfiles\Release\vc90.pdb'; linking object as if no debug info
     1>freeglut_static.lib(freeglut_input_devices.obj) : warning LNK4099: PDB 'vc90.pdb' was not found with 'freeglut_static.lib(freeglut_input_devices.obj)' or at 'C:\Users\Brandon\Documents\Visual Studio 2013\Projects\CS451PA6_Repo\cs451-PA6\vcfiles\Release\vc90.pdb'; linking object as if no debug info
     1>freeglut_static.lib(freeglut_joystick.obj) : warning LNK4099: PDB 'vc90.pdb' was not found with 'freeglut_static.lib(freeglut_joystick.obj)' or at 'C:\Users\Brandon\Documents\Visual Studio 2013\Projects\CS451PA6_Repo\cs451-PA6\vcfiles\Release\vc90.pdb'; linking object as if no debug info
     1>freeglut_static.lib(freeglut_main.obj) : warning LNK4099: PDB 'vc90.pdb' was not found with 'freeglut_static.lib(freeglut_main.obj)' or at 'C:\Users\Brandon\Documents\Visual Studio 2013\Projects\CS451PA6_Repo\cs451-PA6\vcfiles\Release\vc90.pdb'; linking object as if no debug info
     1>freeglut_static.lib(freeglut_menu.obj) : warning LNK4099: PDB 'vc90.pdb' was not found with 'freeglut_static.lib(freeglut_menu.obj)' or at 'C:\Users\Brandon\Documents\Visual Studio 2013\Projects\CS451PA6_Repo\cs451-PA6\vcfiles\Release\vc90.pdb'; linking object as if no debug info
     1>freeglut_static.lib(freeglut_spaceball.obj) : warning LNK4099: PDB 'vc90.pdb' was not found with 'freeglut_static.lib(freeglut_spaceball.obj)' or at 'C:\Users\Brandon\Documents\Visual Studio 2013\Projects\CS451PA6_Repo\cs451-PA6\vcfiles\Release\vc90.pdb'; linking object as if no debug info
     1>freeglut_static.lib(freeglut_state.obj) : warning LNK4099: PDB 'vc90.pdb' was not found with 'freeglut_static.lib(freeglut_state.obj)' or at 'C:\Users\Brandon\Documents\Visual Studio 2013\Projects\CS451PA6_Repo\cs451-PA6\vcfiles\Release\vc90.pdb'; linking object as if no debug info
     1>freeglut_static.lib(freeglut_stroke_mono_roman.obj) : warning LNK4099: PDB 'vc90.pdb' was not found with 'freeglut_static.lib(freeglut_stroke_mono_roman.obj)' or at 'C:\Users\Brandon\Documents\Visual Studio 2013\Projects\CS451PA6_Repo\cs451-PA6\vcfiles\Release\vc90.pdb'; linking object as if no debug info
     1>freeglut_static.lib(freeglut_stroke_roman.obj) : warning LNK4099: PDB 'vc90.pdb' was not found with 'freeglut_static.lib(freeglut_stroke_roman.obj)' or at 'C:\Users\Brandon\Documents\Visual Studio 2013\Projects\CS451PA6_Repo\cs451-PA6\vcfiles\Release\vc90.pdb'; linking object as if no debug info
     1>freeglut_static.lib(freeglut_structure.obj) : warning LNK4099: PDB 'vc90.pdb' was not found with 'freeglut_static.lib(freeglut_structure.obj)' or at 'C:\Users\Brandon\Documents\Visual Studio 2013\Projects\CS451PA6_Repo\cs451-PA6\vcfiles\Release\vc90.pdb'; linking object as if no debug info
     1>freeglut_static.lib(freeglut_window.obj) : warning LNK4099: PDB 'vc90.pdb' was not found with 'freeglut_static.lib(freeglut_window.obj)' or at 'C:\Users\Brandon\Documents\Visual Studio 2013\Projects\CS451PA6_Repo\cs451-PA6\vcfiles\Release\vc90.pdb'; linking object as if no debug info
         raytracing.vcxproj -> C:\Users\Brandon\Documents\Visual Studio 2013\Projects\CS451PA6_Repo\cs451-PA6\vcfiles\Release\raytracing.exe
     1>Done Building Project "C:\Users\Brandon\Documents\Visual Studio 2013\Projects\CS451PA6_Repo\cs451-PA6\vcfiles\raytracing.vcxproj" (Build target(s)).

Build succeeded.

Time Elapsed 00:00:03.51
